<?xml version="1.0" encoding="UTF-8"?>
<testsuite name="org.cryptimeleon.incentive.promotion.ExplicitPromotionTest" tests="4" skipped="0" failures="0" errors="0" timestamp="2021-09-28T20:10:35" hostname="paul-T480" time="0.033">
  <properties/>
  <testcase name="testSecondPromotionRewards()" classname="org.cryptimeleon.incentive.promotion.ExplicitPromotionTest" time="0.023"/>
  <testcase name="testTimePeriod()" classname="org.cryptimeleon.incentive.promotion.ExplicitPromotionTest" time="0.002"/>
  <testcase name="testFirstPromotionRewards()" classname="org.cryptimeleon.incentive.promotion.ExplicitPromotionTest" time="0.002"/>
  <testcase name="testPointsToEarn()" classname="org.cryptimeleon.incentive.promotion.ExplicitPromotionTest" time="0.004"/>
  <system-out><![CDATA[]]></system-out>
  <system-err><![CDATA[]]></system-err>
</testsuite>
