<?xml version="1.0" encoding="UTF-8"?>
<testsuite name="org.cryptimeleon.incentive.services.credit.CreditIntegrationTest" tests="2" skipped="0" failures="0" errors="0" timestamp="2021-10-23T07:20:16" hostname="DESKTOP-9VPMJIB" time="1.065">
  <properties/>
  <testcase name="validRequestTest(WebTestClient)" classname="org.cryptimeleon.incentive.services.credit.CreditIntegrationTest" time="1.054"/>
  <testcase name="unpaidBasketTest(WebTestClient)" classname="org.cryptimeleon.incentive.services.credit.CreditIntegrationTest" time="0.01"/>
  <system-out><![CDATA[09:20:14.067 [Test worker] DEBUG org.springframework.test.context.BootstrapUtils - Instantiating CacheAwareContextLoaderDelegate from class [org.springframework.test.context.cache.DefaultCacheAwareContextLoaderDelegate]
09:20:14.083 [Test worker] DEBUG org.springframework.test.context.BootstrapUtils - Instantiating BootstrapContext using constructor [public org.springframework.test.context.support.DefaultBootstrapContext(java.lang.Class,org.springframework.test.context.CacheAwareContextLoaderDelegate)]
09:20:14.114 [Test worker] DEBUG org.springframework.test.context.BootstrapUtils - Instantiating TestContextBootstrapper for test class [org.cryptimeleon.incentive.services.credit.CreditIntegrationTest] from class [org.springframework.boot.test.context.SpringBootTestContextBootstrapper]
09:20:14.114 [Test worker] INFO org.springframework.boot.test.context.SpringBootTestContextBootstrapper - Neither @ContextConfiguration nor @ContextHierarchy found for test class [org.cryptimeleon.incentive.services.credit.CreditIntegrationTest], using SpringBootContextLoader
09:20:14.114 [Test worker] DEBUG org.springframework.test.context.support.AbstractContextLoader - Did not detect default resource location for test class [org.cryptimeleon.incentive.services.credit.CreditIntegrationTest]: class path resource [org/cryptimeleon/incentive/services/credit/CreditIntegrationTest-context.xml] does not exist
09:20:14.130 [Test worker] DEBUG org.springframework.test.context.support.AbstractContextLoader - Did not detect default resource location for test class [org.cryptimeleon.incentive.services.credit.CreditIntegrationTest]: class path resource [org/cryptimeleon/incentive/services/credit/CreditIntegrationTestContext.groovy] does not exist
09:20:14.130 [Test worker] INFO org.springframework.test.context.support.AbstractContextLoader - Could not detect default resource locations for test class [org.cryptimeleon.incentive.services.credit.CreditIntegrationTest]: no resource found for suffixes {-context.xml, Context.groovy}.
09:20:14.130 [Test worker] INFO org.springframework.test.context.support.AnnotationConfigContextLoaderUtils - Could not detect default configuration classes for test class [org.cryptimeleon.incentive.services.credit.CreditIntegrationTest]: CreditIntegrationTest does not declare any static, non-private, non-final, nested classes annotated with @Configuration.
09:20:14.161 [Test worker] DEBUG org.springframework.test.context.support.ActiveProfilesUtils - Could not find an 'annotation declaring class' for annotation type [org.springframework.test.context.ActiveProfiles] and class [org.cryptimeleon.incentive.services.credit.CreditIntegrationTest]
09:20:14.208 [Test worker] DEBUG org.springframework.context.annotation.ClassPathScanningCandidateComponentProvider - Identified candidate component class: file [D:\Studium\MasterSemester1\CUKJob\upbcuk\incentive-system\services\credit\build\classes\java\main\org\cryptimeleon\incentive\services\credit\CreditApplication.class]
09:20:14.224 [Test worker] INFO org.springframework.boot.test.context.SpringBootTestContextBootstrapper - Found @SpringBootConfiguration org.cryptimeleon.incentive.services.credit.CreditApplication for test class org.cryptimeleon.incentive.services.credit.CreditIntegrationTest
09:20:14.302 [Test worker] DEBUG org.springframework.boot.test.context.SpringBootTestContextBootstrapper - @TestExecutionListeners is not present for class [org.cryptimeleon.incentive.services.credit.CreditIntegrationTest]: using defaults.
09:20:14.302 [Test worker] INFO org.springframework.boot.test.context.SpringBootTestContextBootstrapper - Loaded default TestExecutionListener class names from location [META-INF/spring.factories]: [org.springframework.boot.test.autoconfigure.restdocs.RestDocsTestExecutionListener, org.springframework.boot.test.autoconfigure.web.client.MockRestServiceServerResetTestExecutionListener, org.springframework.boot.test.autoconfigure.web.servlet.MockMvcPrintOnlyOnFailureTestExecutionListener, org.springframework.boot.test.autoconfigure.web.servlet.WebDriverTestExecutionListener, org.springframework.boot.test.autoconfigure.webservices.client.MockWebServiceServerTestExecutionListener, org.springframework.boot.test.mock.mockito.MockitoTestExecutionListener, org.springframework.boot.test.mock.mockito.ResetMocksTestExecutionListener, org.springframework.test.context.web.ServletTestExecutionListener, org.springframework.test.context.support.DirtiesContextBeforeModesTestExecutionListener, org.springframework.test.context.event.ApplicationEventsTestExecutionListener, org.springframework.test.context.support.DependencyInjectionTestExecutionListener, org.springframework.test.context.support.DirtiesContextTestExecutionListener, org.springframework.test.context.transaction.TransactionalTestExecutionListener, org.springframework.test.context.jdbc.SqlScriptsTestExecutionListener, org.springframework.test.context.event.EventPublishingTestExecutionListener]
09:20:14.317 [Test worker] DEBUG org.springframework.boot.test.context.SpringBootTestContextBootstrapper - Skipping candidate TestExecutionListener [org.springframework.test.context.transaction.TransactionalTestExecutionListener] due to a missing dependency. Specify custom listener classes or make the default listener classes and their required dependencies available. Offending class: [org/springframework/transaction/interceptor/TransactionAttributeSource]
09:20:14.317 [Test worker] DEBUG org.springframework.boot.test.context.SpringBootTestContextBootstrapper - Skipping candidate TestExecutionListener [org.springframework.test.context.jdbc.SqlScriptsTestExecutionListener] due to a missing dependency. Specify custom listener classes or make the default listener classes and their required dependencies available. Offending class: [org/springframework/transaction/interceptor/TransactionAttribute]
09:20:14.317 [Test worker] INFO org.springframework.boot.test.context.SpringBootTestContextBootstrapper - Using TestExecutionListeners: [org.springframework.test.context.web.ServletTestExecutionListener@44d728f9, org.springframework.test.context.support.DirtiesContextBeforeModesTestExecutionListener@7223ff2f, org.springframework.test.context.event.ApplicationEventsTestExecutionListener@7c5f1c1e, org.springframework.boot.test.mock.mockito.MockitoTestExecutionListener@703c26de, org.springframework.boot.test.autoconfigure.SpringBootDependencyInjectionTestExecutionListener@dd148c0, org.springframework.test.context.support.DirtiesContextTestExecutionListener@606604d2, org.springframework.test.context.event.EventPublishingTestExecutionListener@64dd4b2c, org.springframework.boot.test.autoconfigure.restdocs.RestDocsTestExecutionListener@75c68bbf, org.springframework.boot.test.autoconfigure.web.client.MockRestServiceServerResetTestExecutionListener@72564a8f, org.springframework.boot.test.autoconfigure.web.servlet.MockMvcPrintOnlyOnFailureTestExecutionListener@22c68083, org.springframework.boot.test.autoconfigure.web.servlet.WebDriverTestExecutionListener@2c4c2bdc, org.springframework.boot.test.autoconfigure.webservices.client.MockWebServiceServerTestExecutionListener@6d16c699, org.springframework.boot.test.mock.mockito.ResetMocksTestExecutionListener@2d54eb86]
09:20:14.317 [Test worker] DEBUG org.springframework.test.context.support.AbstractDirtiesContextTestExecutionListener - Before test class: context [DefaultTestContext@65bd7dc5 testClass = CreditIntegrationTest, testInstance = [null], testMethod = [null], testException = [null], mergedContextConfiguration = [WebMergedContextConfiguration@472bf5cf testClass = CreditIntegrationTest, locations = '{}', classes = '{class org.cryptimeleon.incentive.services.credit.CreditApplication}', contextInitializerClasses = '[]', activeProfiles = '{}', propertySourceLocations = '{}', propertySourceProperties = '{org.springframework.boot.test.context.SpringBootTestContextBootstrapper=true, server.port=0}', contextCustomizers = set[org.springframework.boot.test.autoconfigure.actuate.metrics.MetricsExportContextCustomizerFactory$DisableMetricExportContextCustomizer@50ceaaba, org.springframework.boot.test.autoconfigure.properties.PropertyMappingContextCustomizer@0, org.springframework.boot.test.autoconfigure.web.servlet.WebDriverContextCustomizerFactory$Customizer@29036053, org.springframework.boot.test.context.filter.ExcludeFilterContextCustomizer@268a4968, org.springframework.boot.test.json.DuplicateJsonObjectContextCustomizerFactory$DuplicateJsonObjectContextCustomizer@27cb3f8b, org.springframework.boot.test.mock.mockito.MockitoContextCustomizer@d05949fc, org.springframework.boot.test.web.client.TestRestTemplateContextCustomizer@1eb57fad, org.springframework.boot.test.web.reactive.server.WebTestClientContextCustomizer@27ceb4f9, org.springframework.boot.test.context.SpringBootTestArgs@1, org.springframework.boot.test.context.SpringBootTestWebEnvironment@2c8938fd], resourceBasePath = 'src/main/webapp', contextLoader = 'org.springframework.boot.test.context.SpringBootContextLoader', parent = [null]], attributes = map['org.springframework.test.context.web.ServletTestExecutionListener.activateListener' -> false]], class annotated with @DirtiesContext [false] with mode [null].
09:20:14.349 [Test worker] DEBUG org.springframework.test.context.support.TestPropertySourceUtils - Adding inlined properties to environment: {spring.jmx.enabled=false, org.springframework.boot.test.context.SpringBootTestContextBootstrapper=true, server.port=0}

  .   ____          _            __ _ _
 /\\ / ___'_ __ _ _(_)_ __  __ _ \ \ \ \
( ( )\___ | '_ | '_| | '_ \/ _` | \ \ \ \
 \\/  ___)| |_)| | | | | || (_| |  ) ) ) )
  '  |____| .__|_| |_|_| |_\__, | / / / /
 =========|_|==============|___/=/_/_/_/
 :: Spring Boot ::                (v2.4.5)

2021-10-23 09:20:14.552  INFO 17392 --- [    Test worker] o.c.i.s.credit.CreditIntegrationTest     : Starting CreditIntegrationTest using Java 11.0.11 on DESKTOP-9VPMJIB with PID 17392 (started by Patrick in D:\Studium\MasterSemester1\CUKJob\upbcuk\incentive-system\services\credit)
2021-10-23 09:20:14.552  INFO 17392 --- [    Test worker] o.c.i.s.credit.CreditIntegrationTest     : The following profiles are active: dev
2021-10-23 09:20:15.755  INFO 17392 --- [    Test worker] o.s.b.w.embedded.tomcat.TomcatWebServer  : Tomcat initialized with port(s): 0 (http)
2021-10-23 09:20:15.755  INFO 17392 --- [    Test worker] o.apache.catalina.core.StandardService   : Starting service [Tomcat]
2021-10-23 09:20:15.755  INFO 17392 --- [    Test worker] org.apache.catalina.core.StandardEngine  : Starting Servlet engine: [Apache Tomcat/9.0.45]
2021-10-23 09:20:15.833  INFO 17392 --- [    Test worker] o.a.c.c.C.[Tomcat].[localhost].[/]       : Initializing Spring embedded WebApplicationContext
2021-10-23 09:20:15.833  INFO 17392 --- [    Test worker] w.s.c.ServletWebServerApplicationContext : Root WebApplicationContext: initialization completed in 1281 ms
2021-10-23 09:20:16.583  INFO 17392 --- [    Test worker] o.s.s.concurrent.ThreadPoolTaskExecutor  : Initializing ExecutorService 'applicationTaskExecutor'
2021-10-23 09:20:16.786  INFO 17392 --- [    Test worker] o.s.b.w.embedded.tomcat.TomcatWebServer  : Tomcat started on port(s): 55414 (http) with context path ''
2021-10-23 09:20:16.943  INFO 17392 --- [    Test worker] o.c.i.s.credit.CreditIntegrationTest     : Started CreditIntegrationTest in 2.591 seconds (JVM running for 3.574)
2021-10-23 09:20:17.911  INFO 17392 --- [o-auto-1-exec-1] o.a.c.c.C.[Tomcat].[localhost].[/]       : Initializing Spring DispatcherServlet 'dispatcherServlet'
2021-10-23 09:20:17.911  INFO 17392 --- [o-auto-1-exec-1] o.s.web.servlet.DispatcherServlet        : Initializing Servlet 'dispatcherServlet'
2021-10-23 09:20:17.911  INFO 17392 --- [o-auto-1-exec-1] o.s.web.servlet.DispatcherServlet        : Completed initialization in 0 ms
2021-10-23 09:20:17.927  INFO 17392 --- [o-auto-1-exec-1] o.c.i.services.credit.CreditService      : EarnRequest:{"__type":"OBJ","blindedSignature":{"__type":"OBJ","group1ElementSigma1Z":{"__type":"OBJ","elemExpMultiExp":"INT:8e91a4b32b20a06c149ce3dabfce221a","elemTotal":"INT:aabd6e207ef147d788419229d45e7542"},"group1ElementSigma2Y":{"__type":"OBJ","elemExpMultiExp":"INT:1ea88f456cfb23c6e186e25774a54a9d","elemTotal":"INT:20959bd34b7db4cdbabcd3710ab83820"},"group1ElementSigma3HatY":{"__type":"OBJ","elemExpMultiExp":"INT:73ffea2d803aff25646b4e947d15991d","elemTotal":"INT:c23c56b503920e931bae9dd599d7d27f"}},"c0":{"__type":"OBJ","elemExpMultiExp":"INT:ea28679041098977e5956cb53a9a448","elemTotal":"INT:8e184ed1d195e4fbf9b9ea82e5c12282"},"c1":{"__type":"OBJ","elemExpMultiExp":"INT:afe0d4573219f073741bafa687af84a5","elemTotal":"INT:bd08e7a17d204d470ceb0aad004633cb"}}
2021-10-23 09:20:17.943  INFO 17392 --- [o-auto-1-exec-1] o.c.i.services.credit.CreditService      : Queried basket:BasketDto(basketID=8ee460d9-eda6-43f9-a47f-99f59ab58993, items={c1596a7d-905e-4e8d-8a2a-e0d8e1a2ce80=42}, paid=true, redeemed=false, redeemRequest=null, value=42)
2021-10-23 09:20:18.005  INFO 17392 --- [o-auto-1-exec-2] o.c.i.services.credit.CreditService      : EarnRequest:some-request
2021-10-23 09:20:18.005  INFO 17392 --- [o-auto-1-exec-2] o.c.i.services.credit.CreditService      : Queried basket:BasketDto(basketID=3884f637-8e41-48bf-ab1f-d2b95f95c13a, items={42594f92-a81b-432a-b1a1-ea82ff6fb389=42}, paid=false, redeemed=false, redeemRequest=null, value=42)
]]></system-out>
  <system-err><![CDATA[]]></system-err>
</testsuite>
